This file contains any messages produced by compilers while
running configure, to aid debugging if configure makes a mistake.

It was created by socket-client configure 0.1, which was
generated by GNU Autoconf 2.68.  Invocation command line was

  $ ./configure 

## --------- ##
## Platform. ##
## --------- ##

hostname = vagos-ThinkPad-X220
uname -m = x86_64
uname -r = 3.2.0-33-generic
uname -s = Linux
uname -v = #52-Ubuntu SMP Thu Oct 18 16:29:15 UTC 2012

/usr/bin/uname -p = unknown
/bin/uname -X     = unknown

/bin/arch              = unknown
/usr/bin/arch -k       = unknown
/usr/convex/getsysinfo = unknown
/usr/bin/hostinfo      = unknown
/bin/machine           = unknown
/usr/bin/oslevel       = unknown
/bin/universe          = unknown

PATH: /usr/local/sbin
PATH: /usr/local/bin
PATH: /usr/sbin
PATH: /usr/bin
PATH: /sbin
PATH: /bin
PATH: /usr/games


## ----------- ##
## Core tests. ##
## ----------- ##

configure:2166: checking for gcc
configure:2182: found /usr/bin/gcc
configure:2193: result: gcc
configure:2422: checking for C compiler version
configure:2431: gcc --version >&5
gcc (Ubuntu/Linaro 4.6.3-1ubuntu5) 4.6.3
Copyright (C) 2011 Free Software Foundation, Inc.
This is free software; see the source for copying conditions.  There is NO
warranty; not even for MERCHANTABILITY or FITNESS FOR A PARTICULAR PURPOSE.

configure:2442: $? = 0
configure:2431: gcc -v >&5
Using built-in specs.
COLLECT_GCC=gcc
COLLECT_LTO_WRAPPER=/usr/lib/gcc/x86_64-linux-gnu/4.6/lto-wrapper
Target: x86_64-linux-gnu
Configured with: ../src/configure -v --with-pkgversion='Ubuntu/Linaro 4.6.3-1ubuntu5' --with-bugurl=file:///usr/share/doc/gcc-4.6/README.Bugs --enable-languages=c,c++,fortran,objc,obj-c++ --prefix=/usr --program-suffix=-4.6 --enable-shared --enable-linker-build-id --with-system-zlib --libexecdir=/usr/lib --without-included-gettext --enable-threads=posix --with-gxx-include-dir=/usr/include/c++/4.6 --libdir=/usr/lib --enable-nls --with-sysroot=/ --enable-clocale=gnu --enable-libstdcxx-debug --enable-libstdcxx-time=yes --enable-gnu-unique-object --enable-plugin --enable-objc-gc --disable-werror --with-arch-32=i686 --with-tune=generic --enable-checking=release --build=x86_64-linux-gnu --host=x86_64-linux-gnu --target=x86_64-linux-gnu
Thread model: posix
gcc version 4.6.3 (Ubuntu/Linaro 4.6.3-1ubuntu5) 
configure:2442: $? = 0
configure:2431: gcc -V >&5
gcc: error: unrecognized option '-V'
gcc: fatal error: no input files
compilation terminated.
configure:2442: $? = 4
configure:2431: gcc -qversion >&5
gcc: error: unrecognized option '-qversion'
gcc: fatal error: no input files
compilation terminated.
configure:2442: $? = 4
configure:2462: checking whether the C compiler works
configure:2484: gcc    conftest.c  >&5
configure:2488: $? = 0
configure:2536: result: yes
configure:2539: checking for C compiler default output file name
configure:2541: result: a.out
configure:2547: checking for suffix of executables
configure:2554: gcc -o conftest    conftest.c  >&5
configure:2558: $? = 0
configure:2580: result: 
configure:2602: checking whether we are cross compiling
configure:2610: gcc -o conftest    conftest.c  >&5
configure:2614: $? = 0
configure:2621: ./conftest
configure:2625: $? = 0
configure:2640: result: no
configure:2645: checking for suffix of object files
configure:2667: gcc -c   conftest.c >&5
configure:2671: $? = 0
configure:2692: result: o
configure:2696: checking whether we are using the GNU C compiler
configure:2715: gcc -c   conftest.c >&5
configure:2715: $? = 0
configure:2724: result: yes
configure:2733: checking whether gcc accepts -g
configure:2753: gcc -c -g  conftest.c >&5
configure:2753: $? = 0
configure:2794: result: yes
configure:2811: checking for gcc option to accept ISO C89
configure:2875: gcc  -c -g -O2  conftest.c >&5
configure:2875: $? = 0
configure:2888: result: none needed
configure:2918: checking how to run the C preprocessor
configure:2949: gcc -E  conftest.c
configure:2949: $? = 0
configure:2963: gcc -E  conftest.c
conftest.c:9:28: fatal error: ac_nonexistent.h: No such file or directory
compilation terminated.
configure:2963: $? = 1
configure: failed program was:
| /* confdefs.h */
| #define PACKAGE_NAME "socket-client"
| #define PACKAGE_TARNAME "socket-client"
| #define PACKAGE_VERSION "0.1"
| #define PACKAGE_STRING "socket-client 0.1"
| #define PACKAGE_BUGREPORT "test"
| #define PACKAGE_URL ""
| /* end confdefs.h.  */
| #include <ac_nonexistent.h>
configure:2988: result: gcc -E
configure:3008: gcc -E  conftest.c
configure:3008: $? = 0
configure:3022: gcc -E  conftest.c
conftest.c:9:28: fatal error: ac_nonexistent.h: No such file or directory
compilation terminated.
configure:3022: $? = 1
configure: failed program was:
| /* confdefs.h */
| #define PACKAGE_NAME "socket-client"
| #define PACKAGE_TARNAME "socket-client"
| #define PACKAGE_VERSION "0.1"
| #define PACKAGE_STRING "socket-client 0.1"
| #define PACKAGE_BUGREPORT "test"
| #define PACKAGE_URL ""
| /* end confdefs.h.  */
| #include <ac_nonexistent.h>
configure:3051: checking for grep that handles long lines and -e
configure:3109: result: /bin/grep
configure:3114: checking for egrep
configure:3176: result: /bin/grep -E
configure:3181: checking for ANSI C header files
configure:3201: gcc -c -g -O2  conftest.c >&5
configure:3201: $? = 0
configure:3274: gcc -o conftest -g -O2   conftest.c  >&5
configure:3274: $? = 0
configure:3274: ./conftest
configure:3274: $? = 0
configure:3285: result: yes
configure:3298: checking for sys/types.h
configure:3298: gcc -c -g -O2  conftest.c >&5
configure:3298: $? = 0
configure:3298: result: yes
configure:3298: checking for sys/stat.h
configure:3298: gcc -c -g -O2  conftest.c >&5
configure:3298: $? = 0
configure:3298: result: yes
configure:3298: checking for stdlib.h
configure:3298: gcc -c -g -O2  conftest.c >&5
configure:3298: $? = 0
configure:3298: result: yes
configure:3298: checking for string.h
configure:3298: gcc -c -g -O2  conftest.c >&5
configure:3298: $? = 0
configure:3298: result: yes
configure:3298: checking for memory.h
configure:3298: gcc -c -g -O2  conftest.c >&5
configure:3298: $? = 0
configure:3298: result: yes
configure:3298: checking for strings.h
configure:3298: gcc -c -g -O2  conftest.c >&5
configure:3298: $? = 0
configure:3298: result: yes
configure:3298: checking for inttypes.h
configure:3298: gcc -c -g -O2  conftest.c >&5
configure:3298: $? = 0
configure:3298: result: yes
configure:3298: checking for stdint.h
configure:3298: gcc -c -g -O2  conftest.c >&5
configure:3298: $? = 0
configure:3298: result: yes
configure:3298: checking for unistd.h
configure:3298: gcc -c -g -O2  conftest.c >&5
configure:3298: $? = 0
configure:3298: result: yes
configure:3313: checking fcntl.h usability
configure:3313: gcc -c -g -O2  conftest.c >&5
configure:3313: $? = 0
configure:3313: result: yes
configure:3313: checking fcntl.h presence
configure:3313: gcc -E  conftest.c
configure:3313: $? = 0
configure:3313: result: yes
configure:3313: checking for fcntl.h
configure:3313: result: yes
configure:3313: checking netdb.h usability
configure:3313: gcc -c -g -O2  conftest.c >&5
configure:3313: $? = 0
configure:3313: result: yes
configure:3313: checking netdb.h presence
configure:3313: gcc -E  conftest.c
configure:3313: $? = 0
configure:3313: result: yes
configure:3313: checking for netdb.h
configure:3313: result: yes
configure:3313: checking netinet/in.h usability
configure:3313: gcc -c -g -O2  conftest.c >&5
configure:3313: $? = 0
configure:3313: result: yes
configure:3313: checking netinet/in.h presence
configure:3313: gcc -E  conftest.c
configure:3313: $? = 0
configure:3313: result: yes
configure:3313: checking for netinet/in.h
configure:3313: result: yes
configure:3313: checking for stdlib.h
configure:3313: result: yes
configure:3313: checking for string.h
configure:3313: result: yes
configure:3313: checking sys/ioctl.h usability
configure:3313: gcc -c -g -O2  conftest.c >&5
configure:3313: $? = 0
configure:3313: result: yes
configure:3313: checking sys/ioctl.h presence
configure:3313: gcc -E  conftest.c
configure:3313: $? = 0
configure:3313: result: yes
configure:3313: checking for sys/ioctl.h
configure:3313: result: yes
configure:3313: checking sys/socket.h usability
configure:3313: gcc -c -g -O2  conftest.c >&5
configure:3313: $? = 0
configure:3313: result: yes
configure:3313: checking sys/socket.h presence
configure:3313: gcc -E  conftest.c
configure:3313: $? = 0
configure:3313: result: yes
configure:3313: checking for sys/socket.h
configure:3313: result: yes
configure:3313: checking termios.h usability
configure:3313: gcc -c -g -O2  conftest.c >&5
configure:3313: $? = 0
configure:3313: result: yes
configure:3313: checking termios.h presence
configure:3313: gcc -E  conftest.c
configure:3313: $? = 0
configure:3313: result: yes
configure:3313: checking for termios.h
configure:3313: result: yes
configure:3313: checking for unistd.h
configure:3313: result: yes
configure:3327: checking for error_at_line
configure:3343: gcc -o conftest -g -O2   conftest.c  >&5
configure:3343: $? = 0
configure:3351: result: yes
configure:3365: checking for bzero
configure:3365: gcc -o conftest -g -O2   conftest.c  >&5
conftest.c:51:6: warning: conflicting types for built-in function 'bzero' [enabled by default]
configure:3365: $? = 0
configure:3365: result: yes
configure:3365: checking for gethostbyname
configure:3365: gcc -o conftest -g -O2   conftest.c  >&5
configure:3365: $? = 0
configure:3365: result: yes
configure:3365: checking for memset
configure:3365: gcc -o conftest -g -O2   conftest.c  >&5
conftest.c:53:6: warning: conflicting types for built-in function 'memset' [enabled by default]
configure:3365: $? = 0
configure:3365: result: yes
configure:3365: checking for socket
configure:3365: gcc -o conftest -g -O2   conftest.c  >&5
configure:3365: $? = 0
configure:3365: result: yes
configure:3423: checking for a BSD-compatible install
configure:3491: result: /usr/bin/install -c
configure:3502: checking whether build environment is sane
configure:3552: result: yes
configure:3693: checking for a thread-safe mkdir -p
configure:3732: result: /bin/mkdir -p
configure:3745: checking for gawk
configure:3761: found /usr/bin/gawk
configure:3772: result: gawk
configure:3783: checking whether make sets $(MAKE)
configure:3805: result: yes
configure:3835: checking for style of include used by make
configure:3863: result: GNU
configure:3949: checking dependency style of gcc
configure:4060: result: gcc3
configure:4243: creating ./config.status

## ---------------------- ##
## Running config.status. ##
## ---------------------- ##

This file was extended by socket-client config.status 0.1, which was
generated by GNU Autoconf 2.68.  Invocation command line was

  CONFIG_FILES    = 
  CONFIG_HEADERS  = 
  CONFIG_LINKS    = 
  CONFIG_COMMANDS = 
  $ ./config.status 

on vagos-ThinkPad-X220

config.status:786: creating Makefile
config.status:958: executing depfiles commands

## ---------------- ##
## Cache variables. ##
## ---------------- ##

ac_cv_c_compiler_gnu=yes
ac_cv_env_CC_set=
ac_cv_env_CC_value=
ac_cv_env_CFLAGS_set=
ac_cv_env_CFLAGS_value=
ac_cv_env_CPPFLAGS_set=
ac_cv_env_CPPFLAGS_value=
ac_cv_env_CPP_set=
ac_cv_env_CPP_value=
ac_cv_env_LDFLAGS_set=
ac_cv_env_LDFLAGS_value=
ac_cv_env_LIBS_set=
ac_cv_env_LIBS_value=
ac_cv_env_build_alias_set=
ac_cv_env_build_alias_value=
ac_cv_env_host_alias_set=
ac_cv_env_host_alias_value=
ac_cv_env_target_alias_set=
ac_cv_env_target_alias_value=
ac_cv_func_bzero=yes
ac_cv_func_gethostbyname=yes
ac_cv_func_memset=yes
ac_cv_func_socket=yes
ac_cv_header_fcntl_h=yes
ac_cv_header_inttypes_h=yes
ac_cv_header_memory_h=yes
ac_cv_header_netdb_h=yes
ac_cv_header_netinet_in_h=yes
ac_cv_header_stdc=yes
ac_cv_header_stdint_h=yes
ac_cv_header_stdlib_h=yes
ac_cv_header_string_h=yes
ac_cv_header_strings_h=yes
ac_cv_header_sys_ioctl_h=yes
ac_cv_header_sys_socket_h=yes
ac_cv_header_sys_stat_h=yes
ac_cv_header_sys_types_h=yes
ac_cv_header_termios_h=yes
ac_cv_header_unistd_h=yes
ac_cv_lib_error_at_line=yes
ac_cv_objext=o
ac_cv_path_EGREP='/bin/grep -E'
ac_cv_path_GREP=/bin/grep
ac_cv_path_install='/usr/bin/install -c'
ac_cv_path_mkdir=/bin/mkdir
ac_cv_prog_AWK=gawk
ac_cv_prog_CPP='gcc -E'
ac_cv_prog_ac_ct_CC=gcc
ac_cv_prog_cc_c89=
ac_cv_prog_cc_g=yes
ac_cv_prog_make_make_set=yes
am_cv_CC_dependencies_compiler_type=gcc3

## ----------------- ##
## Output variables. ##
## ----------------- ##

ACLOCAL='${SHELL} /home/vagos/workspace/Uncooked/Virtio-serial-askisi/socket-client/missing --run aclocal-1.11'
AMDEPBACKSLASH='\'
AMDEP_FALSE='#'
AMDEP_TRUE=''
AMTAR='$${TAR-tar}'
AUTOCONF='${SHELL} /home/vagos/workspace/Uncooked/Virtio-serial-askisi/socket-client/missing --run autoconf'
AUTOHEADER='${SHELL} /home/vagos/workspace/Uncooked/Virtio-serial-askisi/socket-client/missing --run autoheader'
AUTOMAKE='${SHELL} /home/vagos/workspace/Uncooked/Virtio-serial-askisi/socket-client/missing --run automake-1.11'
AWK='gawk'
CC='gcc'
CCDEPMODE='depmode=gcc3'
CFLAGS='-g -O2'
CPP='gcc -E'
CPPFLAGS=''
CYGPATH_W='echo'
DEFS='-DPACKAGE_NAME=\"socket-client\" -DPACKAGE_TARNAME=\"socket-client\" -DPACKAGE_VERSION=\"0.1\" -DPACKAGE_STRING=\"socket-client\ 0.1\" -DPACKAGE_BUGREPORT=\"test\" -DPACKAGE_URL=\"\" -DSTDC_HEADERS=1 -DHAVE_SYS_TYPES_H=1 -DHAVE_SYS_STAT_H=1 -DHAVE_STDLIB_H=1 -DHAVE_STRING_H=1 -DHAVE_MEMORY_H=1 -DHAVE_STRINGS_H=1 -DHAVE_INTTYPES_H=1 -DHAVE_STDINT_H=1 -DHAVE_UNISTD_H=1 -DHAVE_FCNTL_H=1 -DHAVE_NETDB_H=1 -DHAVE_NETINET_IN_H=1 -DHAVE_STDLIB_H=1 -DHAVE_STRING_H=1 -DHAVE_SYS_IOCTL_H=1 -DHAVE_SYS_SOCKET_H=1 -DHAVE_TERMIOS_H=1 -DHAVE_UNISTD_H=1 -DHAVE_BZERO=1 -DHAVE_GETHOSTBYNAME=1 -DHAVE_MEMSET=1 -DHAVE_SOCKET=1 -DPACKAGE=\"socket-client\" -DVERSION=\"0.1\"'
DEPDIR='.deps'
ECHO_C=''
ECHO_N='-n'
ECHO_T=''
EGREP='/bin/grep -E'
EXEEXT=''
GREP='/bin/grep'
INSTALL_DATA='${INSTALL} -m 644'
INSTALL_PROGRAM='${INSTALL}'
INSTALL_SCRIPT='${INSTALL}'
INSTALL_STRIP_PROGRAM='$(install_sh) -c -s'
LDFLAGS=''
LIBOBJS=''
LIBS=''
LTLIBOBJS=''
MAKEINFO='${SHELL} /home/vagos/workspace/Uncooked/Virtio-serial-askisi/socket-client/missing --run makeinfo'
MKDIR_P='/bin/mkdir -p'
OBJEXT='o'
PACKAGE='socket-client'
PACKAGE_BUGREPORT='test'
PACKAGE_NAME='socket-client'
PACKAGE_STRING='socket-client 0.1'
PACKAGE_TARNAME='socket-client'
PACKAGE_URL=''
PACKAGE_VERSION='0.1'
PATH_SEPARATOR=':'
SET_MAKE=''
SHELL='/bin/bash'
STRIP=''
VERSION='0.1'
ac_ct_CC='gcc'
am__EXEEXT_FALSE=''
am__EXEEXT_TRUE='#'
am__fastdepCC_FALSE='#'
am__fastdepCC_TRUE=''
am__include='include'
am__isrc=''
am__leading_dot='.'
am__nodep='_no'
am__quote=''
am__tar='$${TAR-tar} chof - "$$tardir"'
am__untar='$${TAR-tar} xf -'
bindir='${exec_prefix}/bin'
build_alias=''
datadir='${datarootdir}'
datarootdir='${prefix}/share'
docdir='${datarootdir}/doc/${PACKAGE_TARNAME}'
dvidir='${docdir}'
exec_prefix='${prefix}'
host_alias=''
htmldir='${docdir}'
includedir='${prefix}/include'
infodir='${datarootdir}/info'
install_sh='${SHELL} /home/vagos/workspace/Uncooked/Virtio-serial-askisi/socket-client/install-sh'
libdir='${exec_prefix}/lib'
libexecdir='${exec_prefix}/libexec'
localedir='${datarootdir}/locale'
localstatedir='${prefix}/var'
mandir='${datarootdir}/man'
mkdir_p='/bin/mkdir -p'
oldincludedir='/usr/include'
pdfdir='${docdir}'
prefix='/usr/local'
program_transform_name='s,x,x,'
psdir='${docdir}'
sbindir='${exec_prefix}/sbin'
sharedstatedir='${prefix}/com'
sysconfdir='${prefix}/etc'
target_alias=''

## ----------- ##
## confdefs.h. ##
## ----------- ##

/* confdefs.h */
#define PACKAGE_NAME "socket-client"
#define PACKAGE_TARNAME "socket-client"
#define PACKAGE_VERSION "0.1"
#define PACKAGE_STRING "socket-client 0.1"
#define PACKAGE_BUGREPORT "test"
#define PACKAGE_URL ""
#define STDC_HEADERS 1
#define HAVE_SYS_TYPES_H 1
#define HAVE_SYS_STAT_H 1
#define HAVE_STDLIB_H 1
#define HAVE_STRING_H 1
#define HAVE_MEMORY_H 1
#define HAVE_STRINGS_H 1
#define HAVE_INTTYPES_H 1
#define HAVE_STDINT_H 1
#define HAVE_UNISTD_H 1
#define HAVE_FCNTL_H 1
#define HAVE_NETDB_H 1
#define HAVE_NETINET_IN_H 1
#define HAVE_STDLIB_H 1
#define HAVE_STRING_H 1
#define HAVE_SYS_IOCTL_H 1
#define HAVE_SYS_SOCKET_H 1
#define HAVE_TERMIOS_H 1
#define HAVE_UNISTD_H 1
#define HAVE_BZERO 1
#define HAVE_GETHOSTBYNAME 1
#define HAVE_MEMSET 1
#define HAVE_SOCKET 1
#define PACKAGE "socket-client"
#define VERSION "0.1"

configure: exit 0
