This file contains any messages produced by compilers while
running configure, to aid debugging if configure makes a mistake.

It was created by cryptodev_demo configure 0.1, which was
generated by GNU Autoconf 2.68.  Invocation command line was

  $ ./configure --disable-option-checking --prefix=/usr/local --cache-file=/dev/null --srcdir=.

## --------- ##
## Platform. ##
## --------- ##

hostname = Vagos-desktop-new
uname -m = x86_64
uname -r = 3.7.2-204.fc18.x86_64
uname -s = Linux
uname -v = #1 SMP Wed Jan 16 16:22:52 UTC 2013

/usr/bin/uname -p = x86_64
/bin/uname -X     = unknown

/bin/arch              = x86_64
/usr/bin/arch -k       = unknown
/usr/convex/getsysinfo = unknown
/usr/bin/hostinfo      = unknown
/bin/machine           = unknown
/usr/bin/oslevel       = unknown
/bin/universe          = unknown

PATH: /opt/jdk1.6.0_23/bin/
PATH: /usr/lib64/qt-3.3/bin
PATH: /usr/local/bin
PATH: /usr/bin
PATH: /bin
PATH: /usr/games
PATH: /usr/local/sbin
PATH: /usr/sbin
PATH: /home/vagos/bin


## ----------- ##
## Core tests. ##
## ----------- ##

configure:2228: checking for g++
configure:2244: found /usr/bin/g++
configure:2255: result: g++
configure:2282: checking for C++ compiler version
configure:2291: g++ --version >&5
g++ (GCC) 4.7.2 20121109 (Red Hat 4.7.2-8)
Copyright (C) 2012 Free Software Foundation, Inc.
This is free software; see the source for copying conditions.  There is NO
warranty; not even for MERCHANTABILITY or FITNESS FOR A PARTICULAR PURPOSE.

configure:2302: $? = 0
configure:2291: g++ -v >&5
Using built-in specs.
COLLECT_GCC=g++
COLLECT_LTO_WRAPPER=/usr/libexec/gcc/x86_64-redhat-linux/4.7.2/lto-wrapper
Target: x86_64-redhat-linux
Configured with: ../configure --prefix=/usr --mandir=/usr/share/man --infodir=/usr/share/info --with-bugurl=http://bugzilla.redhat.com/bugzilla --enable-bootstrap --enable-shared --enable-threads=posix --enable-checking=release --disable-build-with-cxx --disable-build-poststage1-with-cxx --with-system-zlib --enable-__cxa_atexit --disable-libunwind-exceptions --enable-gnu-unique-object --enable-linker-build-id --with-linker-hash-style=gnu --enable-languages=c,c++,objc,obj-c++,java,fortran,ada,go,lto --enable-plugin --enable-initfini-array --enable-java-awt=gtk --disable-dssi --with-java-home=/usr/lib/jvm/java-1.5.0-gcj-1.5.0.0/jre --enable-libgcj-multifile --enable-java-maintainer-mode --with-ecj-jar=/usr/share/java/eclipse-ecj.jar --disable-libjava-multilib --with-ppl --with-cloog --with-tune=generic --with-arch_32=i686 --build=x86_64-redhat-linux
Thread model: posix
gcc version 4.7.2 20121109 (Red Hat 4.7.2-8) (GCC) 
configure:2302: $? = 0
configure:2291: g++ -V >&5
g++: error: unrecognized command line option '-V'
g++: fatal error: no input files
compilation terminated.
configure:2302: $? = 4
configure:2291: g++ -qversion >&5
g++: error: unrecognized command line option '-qversion'
g++: fatal error: no input files
compilation terminated.
configure:2302: $? = 4
configure:2322: checking whether the C++ compiler works
configure:2344: g++    conftest.cpp  >&5
configure:2348: $? = 0
configure:2396: result: yes
configure:2399: checking for C++ compiler default output file name
configure:2401: result: a.out
configure:2407: checking for suffix of executables
configure:2414: g++ -o conftest    conftest.cpp  >&5
configure:2418: $? = 0
configure:2440: result: 
configure:2462: checking whether we are cross compiling
configure:2470: g++ -o conftest    conftest.cpp  >&5
configure:2474: $? = 0
configure:2481: ./conftest
configure:2485: $? = 0
configure:2500: result: no
configure:2505: checking for suffix of object files
configure:2527: g++ -c   conftest.cpp >&5
configure:2531: $? = 0
configure:2552: result: o
configure:2556: checking whether we are using the GNU C++ compiler
configure:2575: g++ -c   conftest.cpp >&5
configure:2575: $? = 0
configure:2584: result: yes
configure:2593: checking whether g++ accepts -g
configure:2613: g++ -c -g  conftest.cpp >&5
configure:2613: $? = 0
configure:2654: result: yes
configure:2729: checking for gcc
configure:2745: found /usr/bin/gcc
configure:2756: result: gcc
configure:2985: checking for C compiler version
configure:2994: gcc --version >&5
gcc (GCC) 4.7.2 20121109 (Red Hat 4.7.2-8)
Copyright (C) 2012 Free Software Foundation, Inc.
This is free software; see the source for copying conditions.  There is NO
warranty; not even for MERCHANTABILITY or FITNESS FOR A PARTICULAR PURPOSE.

configure:3005: $? = 0
configure:2994: gcc -v >&5
Using built-in specs.
COLLECT_GCC=gcc
COLLECT_LTO_WRAPPER=/usr/libexec/gcc/x86_64-redhat-linux/4.7.2/lto-wrapper
Target: x86_64-redhat-linux
Configured with: ../configure --prefix=/usr --mandir=/usr/share/man --infodir=/usr/share/info --with-bugurl=http://bugzilla.redhat.com/bugzilla --enable-bootstrap --enable-shared --enable-threads=posix --enable-checking=release --disable-build-with-cxx --disable-build-poststage1-with-cxx --with-system-zlib --enable-__cxa_atexit --disable-libunwind-exceptions --enable-gnu-unique-object --enable-linker-build-id --with-linker-hash-style=gnu --enable-languages=c,c++,objc,obj-c++,java,fortran,ada,go,lto --enable-plugin --enable-initfini-array --enable-java-awt=gtk --disable-dssi --with-java-home=/usr/lib/jvm/java-1.5.0-gcj-1.5.0.0/jre --enable-libgcj-multifile --enable-java-maintainer-mode --with-ecj-jar=/usr/share/java/eclipse-ecj.jar --disable-libjava-multilib --with-ppl --with-cloog --with-tune=generic --with-arch_32=i686 --build=x86_64-redhat-linux
Thread model: posix
gcc version 4.7.2 20121109 (Red Hat 4.7.2-8) (GCC) 
configure:3005: $? = 0
configure:2994: gcc -V >&5
gcc: error: unrecognized command line option '-V'
gcc: fatal error: no input files
compilation terminated.
configure:3005: $? = 4
configure:2994: gcc -qversion >&5
gcc: error: unrecognized command line option '-qversion'
gcc: fatal error: no input files
compilation terminated.
configure:3005: $? = 4
configure:3009: checking whether we are using the GNU C compiler
configure:3028: gcc -c   conftest.c >&5
configure:3028: $? = 0
configure:3037: result: yes
configure:3046: checking whether gcc accepts -g
configure:3066: gcc -c -g  conftest.c >&5
configure:3066: $? = 0
configure:3107: result: yes
configure:3124: checking for gcc option to accept ISO C89
configure:3188: gcc  -c -g -O2  conftest.c >&5
configure:3188: $? = 0
configure:3201: result: none needed
configure:3227: checking how to run the C preprocessor
configure:3258: gcc -E  conftest.c
configure:3258: $? = 0
configure:3272: gcc -E  conftest.c
conftest.c:9:28: fatal error: ac_nonexistent.h: No such file or directory
compilation terminated.
configure:3272: $? = 1
configure: failed program was:
| /* confdefs.h */
| #define PACKAGE_NAME "cryptodev_demo"
| #define PACKAGE_TARNAME "cryptodev_demo"
| #define PACKAGE_VERSION "0.1"
| #define PACKAGE_STRING "cryptodev_demo 0.1"
| #define PACKAGE_BUGREPORT "eangelou@cslab.ece.ntua.gr"
| #define PACKAGE_URL ""
| /* end confdefs.h.  */
| #include <ac_nonexistent.h>
configure:3297: result: gcc -E
configure:3317: gcc -E  conftest.c
configure:3317: $? = 0
configure:3331: gcc -E  conftest.c
conftest.c:9:28: fatal error: ac_nonexistent.h: No such file or directory
compilation terminated.
configure:3331: $? = 1
configure: failed program was:
| /* confdefs.h */
| #define PACKAGE_NAME "cryptodev_demo"
| #define PACKAGE_TARNAME "cryptodev_demo"
| #define PACKAGE_VERSION "0.1"
| #define PACKAGE_STRING "cryptodev_demo 0.1"
| #define PACKAGE_BUGREPORT "eangelou@cslab.ece.ntua.gr"
| #define PACKAGE_URL ""
| /* end confdefs.h.  */
| #include <ac_nonexistent.h>
configure:3360: checking for grep that handles long lines and -e
configure:3418: result: /usr/bin/grep
configure:3423: checking for egrep
configure:3485: result: /usr/bin/grep -E
configure:3490: checking for ANSI C header files
configure:3510: gcc -c -g -O2  conftest.c >&5
configure:3510: $? = 0
configure:3583: gcc -o conftest -g -O2   conftest.c  >&5
configure:3583: $? = 0
configure:3583: ./conftest
configure:3583: $? = 0
configure:3594: result: yes
configure:3607: checking for sys/types.h
configure:3607: gcc -c -g -O2  conftest.c >&5
configure:3607: $? = 0
configure:3607: result: yes
configure:3607: checking for sys/stat.h
configure:3607: gcc -c -g -O2  conftest.c >&5
configure:3607: $? = 0
configure:3607: result: yes
configure:3607: checking for stdlib.h
configure:3607: gcc -c -g -O2  conftest.c >&5
configure:3607: $? = 0
configure:3607: result: yes
configure:3607: checking for string.h
configure:3607: gcc -c -g -O2  conftest.c >&5
configure:3607: $? = 0
configure:3607: result: yes
configure:3607: checking for memory.h
configure:3607: gcc -c -g -O2  conftest.c >&5
configure:3607: $? = 0
configure:3607: result: yes
configure:3607: checking for strings.h
configure:3607: gcc -c -g -O2  conftest.c >&5
configure:3607: $? = 0
configure:3607: result: yes
configure:3607: checking for inttypes.h
configure:3607: gcc -c -g -O2  conftest.c >&5
configure:3607: $? = 0
configure:3607: result: yes
configure:3607: checking for stdint.h
configure:3607: gcc -c -g -O2  conftest.c >&5
configure:3607: $? = 0
configure:3607: result: yes
configure:3607: checking for unistd.h
configure:3607: gcc -c -g -O2  conftest.c >&5
configure:3607: $? = 0
configure:3607: result: yes
configure:3622: checking fcntl.h usability
configure:3622: gcc -c -g -O2  conftest.c >&5
configure:3622: $? = 0
configure:3622: result: yes
configure:3622: checking fcntl.h presence
configure:3622: gcc -E  conftest.c
configure:3622: $? = 0
configure:3622: result: yes
configure:3622: checking for fcntl.h
configure:3622: result: yes
configure:3622: checking for string.h
configure:3622: result: yes
configure:3622: checking sys/ioctl.h usability
configure:3622: gcc -c -g -O2  conftest.c >&5
configure:3622: $? = 0
configure:3622: result: yes
configure:3622: checking sys/ioctl.h presence
configure:3622: gcc -E  conftest.c
configure:3622: $? = 0
configure:3622: result: yes
configure:3622: checking for sys/ioctl.h
configure:3622: result: yes
configure:3622: checking for unistd.h
configure:3622: result: yes
configure:3638: checking for memset
configure:3638: gcc -o conftest -g -O2   conftest.c  >&5
conftest.c:46:6: warning: conflicting types for built-in function 'memset' [enabled by default]
configure:3638: $? = 0
configure:3638: result: yes
configure:3696: checking for a BSD-compatible install
configure:3764: result: /usr/bin/install -c
configure:3775: checking whether build environment is sane
configure:3825: result: yes
configure:3966: checking for a thread-safe mkdir -p
configure:4005: result: /usr/bin/mkdir -p
configure:4018: checking for gawk
configure:4034: found /usr/bin/gawk
configure:4045: result: gawk
configure:4056: checking whether make sets $(MAKE)
configure:4078: result: yes
configure:4108: checking for style of include used by make
configure:4136: result: GNU
configure:4222: checking dependency style of gcc
configure:4333: result: gcc3
configure:4350: checking dependency style of g++
configure:4461: result: gcc3
configure:4613: creating ./config.status

## ---------------------- ##
## Running config.status. ##
## ---------------------- ##

This file was extended by cryptodev_demo config.status 0.1, which was
generated by GNU Autoconf 2.68.  Invocation command line was

  CONFIG_FILES    = 
  CONFIG_HEADERS  = 
  CONFIG_LINKS    = 
  CONFIG_COMMANDS = 
  $ ./config.status 

on Vagos-desktop-new

config.status:871: creating Makefile
config.status:871: creating config.h
config.status:1052: config.h is unchanged
config.status:1100: executing depfiles commands

## ---------------- ##
## Cache variables. ##
## ---------------- ##

ac_cv_c_compiler_gnu=yes
ac_cv_cxx_compiler_gnu=yes
ac_cv_env_CCC_set=
ac_cv_env_CCC_value=
ac_cv_env_CC_set=
ac_cv_env_CC_value=
ac_cv_env_CFLAGS_set=
ac_cv_env_CFLAGS_value=
ac_cv_env_CPPFLAGS_set=
ac_cv_env_CPPFLAGS_value=
ac_cv_env_CPP_set=
ac_cv_env_CPP_value=
ac_cv_env_CXXFLAGS_set=
ac_cv_env_CXXFLAGS_value=
ac_cv_env_CXX_set=
ac_cv_env_CXX_value=
ac_cv_env_LDFLAGS_set=
ac_cv_env_LDFLAGS_value=
ac_cv_env_LIBS_set=
ac_cv_env_LIBS_value=
ac_cv_env_build_alias_set=
ac_cv_env_build_alias_value=
ac_cv_env_host_alias_set=
ac_cv_env_host_alias_value=
ac_cv_env_target_alias_set=
ac_cv_env_target_alias_value=
ac_cv_func_memset=yes
ac_cv_header_fcntl_h=yes
ac_cv_header_inttypes_h=yes
ac_cv_header_memory_h=yes
ac_cv_header_stdc=yes
ac_cv_header_stdint_h=yes
ac_cv_header_stdlib_h=yes
ac_cv_header_string_h=yes
ac_cv_header_strings_h=yes
ac_cv_header_sys_ioctl_h=yes
ac_cv_header_sys_stat_h=yes
ac_cv_header_sys_types_h=yes
ac_cv_header_unistd_h=yes
ac_cv_objext=o
ac_cv_path_EGREP='/usr/bin/grep -E'
ac_cv_path_GREP=/usr/bin/grep
ac_cv_path_install='/usr/bin/install -c'
ac_cv_path_mkdir=/usr/bin/mkdir
ac_cv_prog_AWK=gawk
ac_cv_prog_CPP='gcc -E'
ac_cv_prog_ac_ct_CC=gcc
ac_cv_prog_ac_ct_CXX=g++
ac_cv_prog_cc_c89=
ac_cv_prog_cc_g=yes
ac_cv_prog_cxx_g=yes
ac_cv_prog_make_make_set=yes
am_cv_CC_dependencies_compiler_type=gcc3
am_cv_CXX_dependencies_compiler_type=gcc3

## ----------------- ##
## Output variables. ##
## ----------------- ##

ACLOCAL='${SHELL} /home/vagos/workspace/Uncooked/cryptodev_demos/missing --run aclocal-1.11'
AMDEPBACKSLASH='\'
AMDEP_FALSE='#'
AMDEP_TRUE=''
AMTAR='$${TAR-tar}'
AUTOCONF='${SHELL} /home/vagos/workspace/Uncooked/cryptodev_demos/missing --run autoconf'
AUTOHEADER='${SHELL} /home/vagos/workspace/Uncooked/cryptodev_demos/missing --run autoheader'
AUTOMAKE='${SHELL} /home/vagos/workspace/Uncooked/cryptodev_demos/missing --run automake-1.11'
AWK='gawk'
CC='gcc'
CCDEPMODE='depmode=gcc3'
CFLAGS='-g -O2'
CPP='gcc -E'
CPPFLAGS=''
CXX='g++'
CXXDEPMODE='depmode=gcc3'
CXXFLAGS='-g -O2'
CYGPATH_W='echo'
DEFS='-DHAVE_CONFIG_H'
DEPDIR='.deps'
ECHO_C=''
ECHO_N='-n'
ECHO_T=''
EGREP='/usr/bin/grep -E'
EXEEXT=''
GREP='/usr/bin/grep'
INSTALL_DATA='${INSTALL} -m 644'
INSTALL_PROGRAM='${INSTALL}'
INSTALL_SCRIPT='${INSTALL}'
INSTALL_STRIP_PROGRAM='$(install_sh) -c -s'
LDFLAGS=''
LIBOBJS=''
LIBS=''
LTLIBOBJS=''
MAKEINFO='${SHELL} /home/vagos/workspace/Uncooked/cryptodev_demos/missing --run makeinfo'
MKDIR_P='/usr/bin/mkdir -p'
OBJEXT='o'
PACKAGE='cryptodev_demo'
PACKAGE_BUGREPORT='eangelou@cslab.ece.ntua.gr'
PACKAGE_NAME='cryptodev_demo'
PACKAGE_STRING='cryptodev_demo 0.1'
PACKAGE_TARNAME='cryptodev_demo'
PACKAGE_URL=''
PACKAGE_VERSION='0.1'
PATH_SEPARATOR=':'
SET_MAKE=''
SHELL='/bin/sh'
STRIP=''
VERSION='0.1'
ac_ct_CC='gcc'
ac_ct_CXX='g++'
am__EXEEXT_FALSE=''
am__EXEEXT_TRUE='#'
am__fastdepCC_FALSE='#'
am__fastdepCC_TRUE=''
am__fastdepCXX_FALSE='#'
am__fastdepCXX_TRUE=''
am__include='include'
am__isrc=''
am__leading_dot='.'
am__nodep='_no'
am__quote=''
am__tar='$${TAR-tar} chof - "$$tardir"'
am__untar='$${TAR-tar} xf -'
bindir='${exec_prefix}/bin'
build_alias=''
datadir='${datarootdir}'
datarootdir='${prefix}/share'
docdir='${datarootdir}/doc/${PACKAGE_TARNAME}'
dvidir='${docdir}'
exec_prefix='${prefix}'
host_alias=''
htmldir='${docdir}'
includedir='${prefix}/include'
infodir='${datarootdir}/info'
install_sh='${SHELL} /home/vagos/workspace/Uncooked/cryptodev_demos/install-sh'
libdir='${exec_prefix}/lib'
libexecdir='${exec_prefix}/libexec'
localedir='${datarootdir}/locale'
localstatedir='${prefix}/var'
mandir='${datarootdir}/man'
mkdir_p='/usr/bin/mkdir -p'
oldincludedir='/usr/include'
pdfdir='${docdir}'
prefix='/usr/local'
program_transform_name='s,x,x,'
psdir='${docdir}'
sbindir='${exec_prefix}/sbin'
sharedstatedir='${prefix}/com'
sysconfdir='${prefix}/etc'
target_alias=''

## ----------- ##
## confdefs.h. ##
## ----------- ##

/* confdefs.h */
#define PACKAGE_NAME "cryptodev_demo"
#define PACKAGE_TARNAME "cryptodev_demo"
#define PACKAGE_VERSION "0.1"
#define PACKAGE_STRING "cryptodev_demo 0.1"
#define PACKAGE_BUGREPORT "eangelou@cslab.ece.ntua.gr"
#define PACKAGE_URL ""
#define STDC_HEADERS 1
#define HAVE_SYS_TYPES_H 1
#define HAVE_SYS_STAT_H 1
#define HAVE_STDLIB_H 1
#define HAVE_STRING_H 1
#define HAVE_MEMORY_H 1
#define HAVE_STRINGS_H 1
#define HAVE_INTTYPES_H 1
#define HAVE_STDINT_H 1
#define HAVE_UNISTD_H 1
#define HAVE_FCNTL_H 1
#define HAVE_STRING_H 1
#define HAVE_SYS_IOCTL_H 1
#define HAVE_UNISTD_H 1
#define HAVE_MEMSET 1
#define PACKAGE "cryptodev_demo"
#define VERSION "0.1"

configure: exit 0
